[    0000] Itiizng cgrp bsyspuset
[    0.0000]Initalizing cgroup subsys cpu
[    0.000000] Initializing cgroup subsys cpuacct
[    0.000000] Linux version 4.4.0-116-generic (buildd@lgw01-amd64-021) (gcc version 5.4.0 20160609 (Ubuntu 5.4.0-6ubuntu1~16.04.9) ) #140-Ubuntu SMP Mon Feb 12 21:23:04 UTC 2018 (Ubuntu 4.4.0-116.140-generic 4.4.98)
[    0.000000] Command line: BOOT_IMAGE=/boot/vmlinuz-4.4.0-116-generic root=LABEL=cloudimg-rootfs ro console=tty1 console=ttyS0
[    0.000000] KERNEL supported cpus:
[    0.000000]   Intel GenuineIntel
[    0.000000]   AMD AuthenticAMD
[    0.000000]   Centaur CentaurHauls
[    0.000000] x86/fpu: xstate_offset[2]:  576, xstate_sizes[2]:  256
[    0.000000] x86/fpu: Supporting XSAVE feature 0x01: 'x87 floating point registers'
[    0.000000] x86/fpu: Supporting XSAVE feature 0x02: 'SSE registers'
[    0.000000] x86/fpu: Supporting XSAVE feature 0x04: 'AVX registers'
[    0.000000] x86/fpu: Enabled xstate features 0x7, context size is 832 bytes, using 'standard' format.
[    0.000000] x86/fpu: Using 'lazy' FPU context switches.
[    0.000000] e820: BIOS-provided physical RAM map:
[    0.000000] BIOS-e820: [mem 0x0000000000000000-0x000000000009fbff] usable
[    0.000000] BIOS-e820: [mem 0x000000000009fc00-0x000000000009ffff] reserved
[    0.000000] BIOS-e820: [mem 0x00000000000f0000-0x00000000000fffff] reserved
[    0.000000] BIOS-e820: [mem 0x0000000000100000-0x000000001ffeffff] usable
[    0.000000] BIOS-e820: [mem 0x000000001fff0000-0x000000001fffffff] ACPI data
[    0.000000] BIOS-e820: [mem 0x00000000fec00000-0x00000000fec00fff] reserved
[    0.000000] BIOS-e820: [mem 0x00000000fee00000-0x00000000fee00fff] reserved
[    0.000000] BIOS-e820: [mem 0x00000000fffc0000-0x00000000ffffffff] reserved
[    0.000000] NX (Execute Disable) protection: active
[    0.000000] SMBIOS 2.5 present.
[    0.000000] Hypervisor detected: KVM
[    0.000000] e820: last_pfn = 0x1fff0 max_arch_pfn = 0x400000000
[    0.000000] MTRR: Disabled
[    0.000000] x86/PAT: MTRRs disabled, skipping PAT initialization too.
[    0.000000] CPU MTRRs all blank - virtualized system.
[    0.000000] x86/PAT: Configuration [0-7]: WB  WT  UC- UC  WB  WT  UC- UC  
[    0.000000] found SMP MP-table at [mem 0x0009fff0-0x0009ffff] mapped at [ffff88000009fff0]
[    0.000000] Scanning 1 areas for low memory corruption
[    0.000000] RAMDISK: [mem 0x1ed5f000-0x1f7f5fff]
[    0.000000] ACPI: Early table checksum verification disabled
[    0.000000] ACPI: RSDP 0x00000000000E0000 000024 (v02 VBOX  )
[    0.000000] ACPI: XSDT 0x000000001FFF0030 00003C (v01 VBOX   VBOXXSDT 00000001 ASL  00000061)
[    0.000000] ACPI: FACP 0x000000001FFF00F0 0000F4 (v04 VBOX   VBOXFACP 00000001 ASL  00000061)
[    0.000000] ACPI: DSDT 0x000000001FFF0470 0021FF (v02 VBOX   VBOXBIOS 00000002 INTL 20160108)
[    0.000000] ACPI: FACS 0x000000001FFF0200 000040
[    0.000000] ACPI: FACS 0x000000001FFF0200 000040
[    0.000000] ACPI: APIC 0x000000001FFF0240 00005C (v02 VBOX   VBOXAPIC 00000001 ASL  00000061)
[    0.000000] ACPI: SSDT 0x000000001FFF02A0 0001CC (v01 VBOX   VBOXCPUT 00000002 INTL 20160108)
[    0.000000] No NUMA configuration found
[    0.000000] Faking a node at [mem 0x0000000000000000-0x000000001ffeffff]
[    0.000000] NODE_DATA(0) allocated [mem 0x1ffeb000-0x1ffeffff]
[    0.000000] kvm-clock: Using ms 4b4d ad 5600
[   .000] kvm-oc cpu, r :1ffe31,rimarypulok
[   .0000] k-cck usingch offset of 3029529479 cycles
[    0.000000] clocksource: kvm-clock: mask: 0xffffffffffffffff max_cycles: 0x1cd42e4dffb, max_idle_ns: 881590591483 ns
[    0.000000] Zone ranges:
[    0.000000]   DMA      [mem 0x0000000000001000-0x0000000000ffffff]
[    0.000000]   DMA32    [mem 0x0000000001000000-0x000000001ffeffff]
[    0.000000]   Normal   empty
[    0.000000]   Device   empty
[    0.000000] Movable zone start for each node
[    0.000000] Early memory node ranges
[    0.000000]   node   0: [mem 0x0000000000001000-0x000000000009efff]
[    0.000000]   node   0: [mem 0x0000000000100000-0x000000001ffeffff]
[    0.000000] Initmem setup node 0 [mem 0x0000000000001000-0x000000001ffeffff]
[    0.000000] ACPI: PM-Timer IO Port: 0x4008
[    0.000000] IOAPIC[0]: apic_id 2, version 32, address 0xfec00000, GSI 0-23
[    0.000000] ACPI: INT_SRC_OVR (bus 0 bus_irq 0 global_irq 2 dfl dfl)
[    0.000000] ACPI: INT_SRC_OVR (bus 0 bus_irq 9 global_irq 9 low level)
[    0.000000] Using ACPI (MADT) for SMP configuration information
[    0.000000] smpboot: Allowing 2 CPUs, 0 hotplug CPUs
[    0.000000] PM: Registered nosave memory: [mem 0x00000000-0x00000fff]
[    0.000000] PM: Registered nosave memory: [mem 0x0009f000-0x0009ffff]
[    0.000000] PM: Registered nosave memory: [mem 0x000a0000-0x000effff]
[    0.000000] PM: Registered nosave memory: [mem 0x000f0000-0x000fffff]
[    0.000000] e820: [mem 0x20000000-0xfebfffff] available for PCI devices
[    0.000000] Booting paravirtualized kernel on KVM
[    0.000000] clocksource: refined-jiffies: mask: 0xffffffff max_cycles: 0xffffffff, max_idle_ns: 7645519600211568 ns
[    0.000000] setup_percpu: NR_CPUS:512 nr_cpumask_bits:512 nr_cpu_ids:2 nr_node_ids:1
[    0.000000] PERCPU: Embedded 34 pages/cpu @ffff88001fc00000 s99544 r8192 d31528 u1048576
[    0.000000] PV qspinlock hash table entries: 256 (order: 0, 4096 bytes)
[    0.000000] Built 1 zonelists in Node order, mobility grouping on.  Total pages: 128889
[    0.000000] Policy zone: DMA32
[    0.000000] Kernel command line: BOOT_IMAGE=/boot/vmlinuz-4.4.0-116-generic root=LABEL=cloudimg-rootfs ro console=tty1 console=ttyS0
[    0.000000] PID hash table entries: 2048 (order: 2, 16384 bytes)
[    0.000000] Memory: 485608K/523832K available (8530K kernel code, 1309K rwdata, 3992K rodata, 1508K init, 1316K bss, 38224K reserved, 0K cma-reserved)
[    0.000000] SLUB: HWalign=64, Order=0-3, MinObjects=0, CPUs=2, Nodes=1
[   .0000]KernelUseragtales isatn: enaed
[    0000] erchcal RCU implmentaion.
  0.00000]Bud-timedjtmenofea fanouto4.
  0.0000] CUestrictingPU froNRPUS=512o _cu_id2.
[    00000] RCUAdstingemey for u_noutea64 nr_u_s=
[  00000] NRIR:3024 nr_irqs:440 16
[    0.000000] Console: colour VGA+ 80x25
[    0.000000] console [tty1] enabled
[    0.000000] cnslettS0] abd
[    0.000000] tsc: Detected 2808.000 MHz processor
[    2.600648] Calibrating delay loop (skipped) preset value.. 5616.00 BogoMIPS (lpj=11232000)
[    2.843974] pid_max: default: 32768 minimum: 301
[    2.970749] ACPI: Core revision 20150930
[    3.083352] ACPI: 2 ACPI AML tables successfully acquired and loaded
[    3.084283] Security Framework initialized
[    3.084841] Yama: becoming mindful.
[    3.085354] AppArmor: AppArmor initialized
[    3.086002] Dentry cache hash table entries: 65536 (order: 7, 524288 bytes)
[    3.086878] Inode-cache hash table entries: 32768 (order: 6, 262144 bytes)
[    3.087712] Mount-cache hash table entries: 1024 (order: 1, 8192 bytes)
[    3.088579] Mountpoint-cache hash table entries: 1024 (order: 1, 8192 bytes)
[    3.105492] Initializing cgroup subsys io
[    3.225032] Initializing cgroup subsys memory
[    3.355723] Initializing cgroup subsys devices
[    3.404327] Initializing cgroup subsys freezer
[    3.405156] Initializing cgroup subsys net_cls
[    3.424228] Initializing cgroup subsys perf_event
[    3.424958] Initializing cgroup subsys net_prio
[    3.425593] Initializing cgroup subsys hugetlb
[    3.426229] Initializing cgroup subsys pids
[    3.426862] CPU: Physical Processor ID: 0
[    3.427410] CPU: Processor Core ID: 0
[    3.427984] FEATURE SPEC_CTRL Not Present
[    3.429572] mce: CPU supports 0 MCE banks
[    3.430189] Last level iTLB entries: 4KB 64, 2MB 8, 4MB 8
[    3.430862] Last level dTLB entries: 4KB 64, 2MB 0, 4MB 0, 1GB 4
[    3.431603] Spectre V2 mitigation: Mitigation: Full generic retpoline
[    3.432398] Spectre V2 mitigation: Speculation control IBPB not-supported IBRS not-supported
[    3.434989] Freeing SMP alternatives memory: 32K
[    3.442207] ftrace: allocating 32186 entries in 126 pages
[    3.638981] smpboot: APIC(0) Converting physical 0 to logical package 0
[    3.831724] smpboot: Max logical packages: 1
[    3.887709] x2apic enabled
[    3.888369] Switched APIC routing to physical x2apic.
[    3.889945] ..TIMER: vector=0x30 apic1=0 pin1=2 apic2=-1 pin2=-1
[    3.996004] smpboot: CPU0: Intel(R) Core(TM) i7-7700HQ CPU @ 2.80GHz (family: 0x6, model: 0x9e, stepping: 0x9)
[    4.090057] Performance Events: unsupported p6 CPU model 158 no PMU driver, software events only.
[    4.091337] KVM setup paravirtual spinlock
[    4.092493] x86: Booting SMP configuration:
[    4.093078] .... node  #0, CPUs:      #1
[    4.093715] kvm-clock: cpu 1, msr 0:1ffe3041, secondary cpu clock
[    4.095604] mce: CPU supports 0 MCE banks
[    4.098124] x86: Booted up 1 node, 2 CPUs
[    4.098905] smpboot: Total of 2 processors activated (11232.00 BogoMIPS)
[    4.100454] devtmpfs: initialized
[    4.193162] evm: security.selinux
[    4.295209] evm: security.SMACK64
[    4.396763] evm: security.SMACK64EXEC
[    4.431792] evm: security.SMACK64TRANSMUTE
[    4.432351] evm: security.SMACK64MMAP
[    4.460748] evm: security.ima
[    4.461283] evm: security.capability
[    4.462078] clocksource: jiffies: mask: 0xffffffff max_cycles: 0xffffffff, max_idle_ns: 7645041785100000 ns
[    4.463509] futex hash table entries: 512 (order: 3, 32768 bytes)
[    4.464490] pinctrl core: initialized pinctrl subsystem
[    4.465379] RTC time: 23:49:17, date: 04/09/18
[    4.466215] NET: Registered protocol family 16
[    4.484252] cpuidle: using governor ladder
[    4.619768] cpuidle: using governor menu
[    4.692788] PCCT header not found.
[    4.693428] ACPI: bus type PCI registered
[    4.694037] acpiphp: ACPI Hot Plug PCI Controller Driver version: 0.5
[    4.694918] PCI: Using configuration type 1 for base access
[    4.708282] ACPI: Added _OSI(Module Device)
[    4.710864] ACPI: Added _OSI(Processor Device)
[    4.711467] ACPI: Added _OSI(3.0 _SCP Extensions)
[    4.712106] ACPI: Added _OSI(Processor Aggregator Device)
[    4.713392] ACPI: Executed 1 blocks of module-level executable AML code
[    4.716009] ACPI: Interpreter enabled
[    4.716551] ACPI: (supports S0 S5)
[    4.717093] ACPI: Using IOAPIC for interrupt routing
[    4.717900] PCI: Using host bridge windows from ACPI; if necessary, use "pci=nocrs" and report a bug
[    4.721805] ACPI: PCI Root Bridge [PCI0] (domain 0000 [bus 00-ff])
[    4.722610] acpi PNP0A03:00: _OSC: OS supports [ASPM ClockPM Segments MSI]
[    4.723457] acpi PNP0A03:00: _OSC: not requesting OS control; OS requires [ExtendedConfig ASPM ClockPM MSI]
[    4.724685] acpi PNP0A03:00: fail to add MMCONFIG information, can't access extended PCI configuration space under this bridge.
[    4.726260] PCI host bridge to bus 0000:00
[    4.726819] pci_bus 0000:00: root bus resource [io  0x0000-0x0cf7 window]
[    4.727612] pci_bus 0000:00: root bus resource [io  0x0d00-0xffff window]
[    4.728450] pci_bus 0000:00: root bus resource [mem 0x000a0000-0x000bffff window]
[    4.729522] pci_bus 0000:00: root bus resource [mem 0x20000000-0xfdffffff window]
[    4.730597] pci_bus 0000:00: root bus resource [bus 00-ff]
[    4.732340] pci 0000:00:01.1: legacy IDE quirk: reg 0x10: [io  0x01f0-0x01f7]
[    4.733264] pci 0000:00:01.1: legacy IDE quirk: reg 0x14: [io  0x03f6]
[    4.734111] pci 0000:00:01.1: legacy IDE quirk: reg 0x18: [io  0x0170-0x0177]
[    4.742334] pci 0000:00:01.1: legacy IDE quirk: reg 0x1c: [io  0x0376]
[    4.751132] pci 0000:00:07.0: quirk: [io  0x4000-0x403f] claimed by PIIX4 ACPI
[    4.753192] pci 0000:00:07.0: quirk: [io  0x4100-0x410f] claimed by PIIX4 SMB
[    4.758283] ACPI: PCI Interrupt Link [LNKA] (IRQs 5 9 10 *11)
[    4.807277] ACPI: PCI Interrupt Link [LNKB] (IRQs 5 9 *10 11)
[    4.892277] ACPI: PCI Interrupt Link [LNKC] (IRQs 5 *9 10 11)
[    4.893372] ACPI: PCI Interrupt Link [LNKD] (IRQs 5 9 10 *11)
[    4.894594] ACPI: Enabled 2 GPEs in block 00 to 07
[    4.895605] vgaarb: setting as boot device: PCI:0000:00:02.0
[    4.896327] vgaarb: device added: PCI:0000:00:02.0,decodes=io+mem,owns=io+mem,locks=none
[    4.931842] vgaarb: loaded
[    5.008930] vgaarb: bridge control possible 0000:00:02.0
[    5.164037] SCSI subsystem initialized
[    5.274804] ACPI: bus type USB registered
[    5.391866] usbcore: registered new interface driver usbfs
[    5.513258] usbcore: registered new interface driver hub
[    5.528957] usbcore: registered new device driver usb
[    5.529933] PCI: Using ACPI for IRQ routing
[    5.530852] NetLabel: Initializing
[    5.551083] NetLabel:  domain hash size = 128
[    5.685881] NetLabel:  protocols = UNLABELED CIPSOv4
[    5.803700] NetLabel:  unlabeled traffic allowed by default
[    5.805621] amd_nb: Cannot enumerate AMD northbridges
[    5.806362] clocksource: Switched to clocksource kvm-clock
[    5.812268] AppArmor: AppArmor Filesystem Enabled
[    6.018708] pnp: PnP ACPI init
[  6393]np P AI:ou 3eves

[  6017]losoceac_p: mask: 0xffffff max_cycles: 0xffffff, max_idle_ns: 2085701024 ns
[    7.100199] NET: Registered protocol family 2
[    7.100912] TCP established hash table entries: 4096 (order: 3, 32768 bytes)
[    7.101755] TCP bind hash table entries: 4096 (order: 4, 65536 bytes)
[    7.102604] TCP: Hash tables configured (established 4096 bind 4096)
[    7.103436] UDP hash table entries: 256 (order: 1, 8192 bytes)
  7.97] P-teastae tres25(oer1,19bys)
  7.19] ETRestedrocofaly
  8.47] i 000:.0Liti dec PCI/PCI transfers
  9.97] i 000:.0AcvangSAMAan workarounds
   99015] Unpacking initramfs...

[   11.151500] Freeing initrd memory: 10844K
[   11.157543] platform rtc_cmos: registered platform RTC device (no PNP device found)
[   11.158863] Scanning for low memory corruption every 60 seconds
[   11.160074] audit: initializing netlink subsys (disabled)
[   11.160804] audit: type=2000 audit(1523317763.280:1): initialized
[   11.161802] Initialise system trusted keyring
[   11.162648] HugeTLB registered 2 MB page size, pre-allocated 0 pages
[   11.164473] zbud: loaded
[   11.165246] VFS: Disk quotas dquot_6.6.0
[   11.165938] VFS: Dquot-cache hash table entries: 512 (order 0, 4096 bytes)
[   11.167022] squashfs: version 4.0 (2009/01/31) Phillip Lougher
[   11.168134] fuse init (API version 7.23)
[   11.168904] Key type big_key registered
[   11.169539] Allocating IMA MOK and blacklist keyrings.
[   11.171252] Key type asymmetric registered
[   11.171891] Asymmetric key parser 'x509' registered
[   11.172633] Block layer SCSI generic (bsg) driver version 0.4 loaded (major 249)
[   11.173850] io scheduler noop registered
[   11.175022] io scheduler deadline registered (default)
[   11.176420] io scheduler cfq registered
[   11.177654] pci_hotplug: PCI Hot Plug PCI Core version: 0.5
[   11.178602] pciehp: PCI Express Hot Plug Controller Driver version: 0.4
[   11.179598] ACPI: AC Adapter [AC] (on-line)
[   11.180288] input: Power Button as /devices/LNXSYSTM:00/LNXPWRBN:00/input/input0
[   11.181432] ACPI: Power Button [PWRF]
[   11.182133] input: Sleep Button as /devices/LNXSYSTM:00/LNXSLPBN:00/input/input1
[   11.183302] ACPI: Sleep Button [SLPF]
[   11.184064] GHES: HEST is not enabled!
[   11.184565] ACPI: Battery Slot [BAT0] (battery present)
[   11.185518] Serial: 8250/16550 driver, 32 ports, IRQ sharing enabled
[   11.207630] 00:02: ttyS0 at I/O 0x3f8 (irq = 4, base_baud = 115200) is a 16550A
[   11.214660] Linux agpgart interface v0.103
[   11.225599] loop: module loaded
[   11.316354] scsi host0: ata_piix
[   11.412343] scsi host1: ata_piix
[   11.508132] ata1: PATA max UDMA/33 cmd 0x1f0 ctl 0x3f6 bmdma 0xd000 irq 14
[   11.516546] ata2: PATA max UDMA/33 cmd 0x170 ctl 0x376 bmdma 0xd008 irq 15
[   11.517468] libphy: Fixed MDIO Bus: probed
[   11.518146] tun: Universal TUN/TAP device driver, 1.6
[   11.519937] tun: (C) 1999-2004 Max Krasnyansky <maxk@qualcomm.com>
[   11.520789] PPP generic driver version 2.4.2
[   11.521495] ehci_hcd: USB 2.0 'Enhanced' Host Controller (EHCI) Driver
[   11.522346] ehci-pci: EHCI PCI platform driver
[   11.522995] ehci-platform: EHCI generic platform driver
[   11.523660] ohci_hcd: USB 1.1 'Open' Host Controller (OHCI) Driver
[   11.527040] ohci-pci: OHCI PCI platform driver
[   11.531812] ohci-platform: OHCI generic platform driver
[   11.532554] uhci_hcd: USB Universal Host Controller Interface driver
[   11.533480] i8042: PNP: PS/2 Controller [PNP0303:PS2K,PNP0f03:PS2M] at 0x60,0x64 irq 1,12
[   11.536549] serio: i8042 KBD port at 0x60,0x64 irq 1
[   11.537970] serio: i8042 AUX port at 0x60,0x64 irq 12
[   11.539088] mousedev: PS/2 mouse device common for all mice
[   11.543597] input: AT Translated Set 2 keyboard as /devices/platform/i8042/serio0/input/input2
[   11.545191] rtc_cmos rtc_cmos: rtc core: registered rtc_cmos as rtc0
[   11.546027] rtc_cmos rtc_cmos: alarms up to one day, 114 bytes nvram
[   11.546888] i2c /dev entries driver
[   11.547466] device-mapper: uevent: version 1.0.3
[   11.548208] device-mapper: ioctl: 4.34.0-ioctl (2015-10-28) initialised: dm-devel@redhat.com
[   11.604081] ledtrig-cpu: registered to indicate activity on CPUs
[   11.694952] NET: Registered protocol family 10
[   11.695785] NET: Registered protocol family 17
[   11.696431] Key type dns_resolver registered
[   11.697227] microcode: CPU0 sig=0x906e9, pf=0x2, revision=0x0
[   11.698055] microcode: CPU1 sig=0x906e9, pf=0x2, revision=0x0
[   11.698869] microcode: Microcode Update Driver: v2.01 <tigran@aivazian.fsnet.co.uk>, Peter Oruba
[   11.700496] registered taskstats version 1
[   11.701081] Loading compiled-in X.509 certificates
[   11.702220] Loaded X.509 cert 'Build time autogenerated kernel key: aa84f01984fbd529c105810b59e379d349698248'
[   11.703582] zswap: loaded using pool lzo/zbud
[   11.705744] Key type trusted registered
[   11.708945] Key type encrypted registered
[   11.709534] AppArmor: AppArmor sha1 policy hashing enabled
[   11.710261] ima: No TPM chip found, activating TPM-bypass!
[   11.711009] evm: HMAC attrs: 0x1
[   11.711803]   Magic number: 14:890:857
[   11.712451] rtc_cmos rtc_cmos: setting system clock to 2018-04-09 23:49:24 UTC (1523317764)
[   11.713715] BIOS EDD facility v0.16 2004-Jun-25, 0 devices found
[   11.714533] EDD information not available.
[   11.716268] Freeing unused kernel memory: 1508K
[   11.718799] Write protecting the kernel read-only data: 14336k
[   11.720020] Freeing unused kernel memory: 1700K
[   11.720856] Freeing unused kernel memory: 104K
Loading, please wait...
starting version[   11.731489] random: systemd-udevd: uninitialized urandom read (16 bytes read, 3 bits of entropy available)
 229
[   11.731934] random: udevadm: uninitialized urandom read (16 bytes read, 3 bits of entropy available)
[   11.731949] random: udevadm: uninitialized urandom read (16 bytes read, 3 bits of entropy available)
[   11.738127] random: udevadm: uninitialized urandom read (16 bytes read, 3 bits of entropy available)
[   11.738194] random: udevadm: uninitialized urandom read (16 bytes read, 3 bits of entropy available)
[   11.738296] random: udevadm: uninitialized urandom read (16 bytes read, 3 bits of entropy available)
[   11.738333] random: udevadm: uninitialized urandom read (16 bytes read, 3 bits of entropy available)
[   11.738374] random: udevadm: uninitialized urandom read (16 bytes read, 3 bits of entropy available)
[   11.738409] random: udevadm: uninitialized urandom read (16 bytes read, 3 bits of entropy available)
[   11.738444] random: udevadm: uninitialized urandom read (16 bytes read, 3 bits of entropy available)
[   12.152424] e1000: Intel(R) PRO/1000 Network Driver - version 7.3.21-k8-NAPI
[   12.377608] e1000: Copyright (c) 1999-2006 Intel Corporation.
[   12.378582] tsc: Refined TSC clocksource calibration: 2808.937 MHz
[   12.678497] clocksource: tsc: mask: 0xffffffffffffffff max_cycles: 0x287d3b5eba3, max_idle_ns: 440795335100 ns
[   12.681891] Fusion MPT base driver 3.04.20
[   12.908521] Copyright (c) 1999-2008 LSI Corporation
[   12.934766] AVX2 version of gcm_enc/dec engaged.
[   12.938496] AES CTR mode by8 optimization enabled
[   12.944252] Fusion MPT SPI Host driver 3.04.20
[   13.146060] input: ImExPS/2 Generic Explorer Mouse as /devices/platform/i8042/serio1/input/input4
[   13.385862] e1000 0000:00:03.0 eth0: (PCI:33MHz:32-bit) 02:74:f2:80:ad:a4
[   13.385866] e1000 0000:00:03.0 eth0: Intel(R) PRO/1000 Network Connection
[   13.717110] e1000 0000:00:08.0 eth1: (PCI:33MHz:32-bit) 08:00:27:70:4d:74
[   13.819090] e1000 0000:00:08.0 eth1: Intel(R) PRO/1000 Network Connection
[   13.821049] e1000 0000:00:08.0 enp0s8: renamed from eth1
[   13.822493] mptbase: ioc0: Initiating bringup
[   13.834508] e1000 0000:00:03.0 enp0s3: renamed from eth0
[   13.898619] ioc0: LSI53C1030 A0: Capabilities={Initiator}
[   14.461881] scsi host2: ioc0: LSI53C1030 A0, FwRev=00000000h, Ports=1, MaxQ=256, IRQ=20
[   15.175613] floppy0: no floppy controllers found
[   15.278649] scsi 2:0:0:0: Direct-Access     VBOX     HARDDISK         1.0  PQ: 0 ANSI: 5
[   15.278653] scsi target2:0:0: Beginning Domain Validation
[   15.279758] scsi target2:0:0: Domain Validation skipping write tests
[   15.279758] scsi target2:0:0: Ending Domain Validation
[   15.279784] scsi target2:0:0: asynchronous
[   15.279975] scsi 2:0:1:0: Direct-Access     VBOX     HARDDISK         1.0  PQ: 0 ANSI: 5
[   15.279978] scsi target2:0:1: Beginning Domain Validation
[   15.280437] scsi target2:0:1: Domain Validation skipping write tests
[   15.280437] scsi target2:0:1: Ending Domain Validation
[   15.280462] scsi target2:0:1: asynchronous
[   15.288826] sd 2:0:0:0: Attached scsi generic sg0 type 0
[   15.289166] sd 2:0:1:0: Attached scsi generic sg1 type 0
[   15.289317] sd 2:0:0:0: [sda] 20971520 512-byte logical blocks: (10.7 GB/10.0 GiB)
[   15.289436] sd 2:0:0:0: [sda] Write Protect is off
[   15.289483] sd 2:0:0:0: [sda] Incomplete mode parameter data
[   15.289484] sd 2:0:0:0: [sda] Assuming drive cache: write through
[   15.290205]  sda: sda1
[   15.290589] sd 2:0:0:0: [sda] Attached SCSI disk
[   15.290641] sd 2:0:1:0: [sdb] 20480 512-byte logical blocks: (10.5 MB/10.0 MiB)
[   15.290712] sd 2:0:1:0: [sdb] Write Protect is off
[   15.290761] sd 2:0:1:0: [sdb] Incomplete mode parameter data
[   15.290762] sd 2:0:1:0: [sdb] Assuming drive cache: write through
[   15.292203] sd 2:0:1:0: [sdb] Attached SCSI disk
Begin: Loading e[   18.204410] md: linear personality registered for level -1
ssential drivers ... [   18.218753] md: multipath personality registered for level -4
[   18.230089] md: raid0 personality registered for level 0
[   18.254000] md: raid1 personality registered for level 1
[   18.414421] raid6: sse2x1   gen() 12514 MB/s
[   18.617756] raid6: sse2x1   xor()  9742 MB/s
[   18.806412] raid6: sse2x2   gen() 15205 MB/s
[   18.998416] raid6: sse2x2   xor() 10642 MB/s
[   19.190421] raid6: sse2x4   gen() 16751 MB/s
[   19.346420] raid6: sse2x4   xor() 11182 MB/s
[   19.530421] raid6: avx2x1   gen() 24925 MB/s
[   19.714377] raid6: avx2x2   gen() 28502 MB/s
[   19.898434] raid6: avx2x4   gen() 29472 MB/s
[   20.013083] raid6: using algorithm avx2x4 gen() 29472 MB/s
[   20.175853] raid6: using avx2x2 recovery algorithm
[   20.308970] xor: automatically using best checksumming function:
[   20.361667]    avx       : 42768.000 MB/sec
[   20.363309] async_tx: api initialized (async)
[   20.369782] md: raid6 personality registered for level 6
[   20.529959] md: raid5 personality registered for level 5
[   20.692657] md: raid4 personality registered for level 4
[   20.759916] md: raid10 personality registered for level 10
done.
Begin: Running /scripts/init-premount ... done.
Begin: Mounting root file system ... Begin: Running /scripts/local-top ... done.
Begin: Running /scripts/local-premount ... [   20.829880] Btrfs loaded
Scanning for Btrfs filesystems
done.
Warning: fsck no[   20.886929] EXT4-fs (sda1): mounted filesystem with ordered data mode. Opts: (null)
t present, so skipping root file system
done.
Begin: Running /scripts/local-bottom ... done.
Begin: Running /scripts/init-bottom ... done.
[   21.071027] systemd[1]: systemd 229 running in system mode. (+PAM +AUDIT +SELINUX +IMA +APPARMOR +SMACK +SYSVINIT +UTMP +LIBCRYPTSETUP +GCRYPT +GNUTLS +ACL +XZ -LZ4 +SECCOMP +BLKID +ELFUTILS +KMOD -IDN)
[   21.086099] systemd[1]: Detected virtualization oracle.
[   21.088703] systemd[1]: Detected architecture x86-64.

Welcome to [1mUbuntu 16.04.4 LTS[0m!

[   21.098879] systemd[1]: Set hostname to <ubuntu>.
[   21.109462] systemd[1]: Initializing machine ID from random generator.
[   21.112186] systemd[1]: Installed transient /etc/machine-id file.
[   21.226081] systemd[1]: Listening on Device-mapper event daemon FIFOs.
[[0;32m  OK  [0m] Listening on Device-mapper event daemon FIFOs.
[   21.309794] systemd[1]: Listening on LVM2 metadata daemon socket.
[[0;32m  OK  [0m] Listening on LVM2 metadata daemon socket.
[   21.311286] systemd[1]: Listening on udev Kernel Socket.
[[0;32m  OK  [0m] Listening on udev Kernel Socket.
[   21.312647] systemd[1]: Reached target User and Group Name Lookups.
[[0;32m  OK  [0m] Reached target User and Group Name Lookups.
[   21.314195] systemd[1]: Listening on Syslog Socket.
[[0;32m  OK  [0m] Listening on Syslog Socket.
[   21.315635] systemd[1]: Set up automount Arbitrary Executable File Formats File System Automount Point.
[[0;32m  OK  [0m] Set up automount Arbitrary Executab...ats File System Automount Point.
[   21.317755] systemd[1]: Reached target Swap.
[[0;32m  OK  [0m] Reached target Swap.
[   21.319128] systemd[1]: Listening on Journal Audit Socket.
[[0;32m  OK  [0m] Listening on Journal Audit Socket.
[   21.320494] systemd[1]: Listening on Journal Socket.
[[0;32m  OK  [0m] Listening on Journal Socket.
[   21.322032] systemd[1]: Created slice User and Session Slice.
[[0;32m  OK  [0m] Created slice User and Session Slice.
[   21.323627] systemd[1]: Listening on LVM2 poll daemon socket.
[[0;32m  OK  [0m] Listening on LVM2 poll daemon socket.
[   21.325032] systemd[1]: Reached target Encrypted Volumes.
[[0;32m  OK  [0m] Reached target Encrypted Volumes.
[   21.326552] systemd[1]: Created slice System Slice.
[[0;32m  OK  [0m] Created slice System Slice.
[   21.338471] systemd[1]: Starting Remount Root and Kernel File Systems...
         Starting Remount Root and Kernel File Systems...
[   21.342258] EXT4-fs (sda1): re-mounted. Opts: (null)
[   21.342339] systemd[1]: Starting Create list of required static device nodes for the current kernel...
         Starting Create list of required st... nodes for the current kernel...
[   21.421014] systemd[1]: Reached target Slices.
[[0;32m  OK  [0m] Reached target Slices.
[   21.422719] systemd[1]: Mounting Huge Pages File System...
         Mounting Huge Pages File System...
[   21.424536] systemd[1]: Starting Monitoring of LVM2 mirrors, snapshots etc. using dmeventd or progress polling...
         Starting Monitoring of LVM2 mirrors... dmeventd or progress polling...
[   21.428096] systemd[1]: Mounting Debug File System...
         Mounting Debug File System...
[   21.430471] systemd[1]: Starting Uncomplicated firewall...
         Starting Uncomplicated firewall...
[   21.702494] systemd[1]: Starting Load Kernel Modules...
[   21.758769] Loading iSCSI transport class v2.0-870.
         Starting Load Kernel Modules...
[   21.760419] systemd[1]: Starting Set console keymap...
[   21.760457] random: nonblocking pool is initialized
         Startin[   21.964607] iscsi: registered transport (tcp)
g Set console keymap...
[   22.056235] systemd[1]: Started Forward Password Requests to Wall Directory Watch.
[[0;32m  OK  [0m] Started Forward Password Requests to Wall Directory Watch.
[   22.058334] systemd[1]: Listening on /dev/initctl Compatibility Named Pipe.
[[0;32m  OK  [0m] Listening on /dev/initctl Compatibility Named Pipe.
[   22.060182] systemd[1]: Listening on Journal Socket (/dev/log).
[[0;32m  OK  [0m] Listening on Journal Socket (/dev/log).
[   22.062438] systemd[1]: Starting Journal Service...
         Starting Journal Service...
[   22.064898] systemd[1]: Mounting POSIX Message Queue File System...
         Mounting POSIX Message Queue File System...
[   22.069097] systemd[1]: Listening on udev Control Socket.
[[0;32m  OK  [0m] Listening on udev Control Socket.
[   22.072313] systemd[1]: Starting Nameserver information manager...
         Starting Nameserver information manager...
[   22.092027] systemd[1]: Created slice system-serial\x2dgetty.slice.
[[0;32m  OK  [0m] Created slice system-serial\[   22.094583] iscsi: registered transport (iser)
x2dgetty.slice.
[   22.098753] systemd[1]: Started Trigger resolvconf update for networkd DNS.
[[0;32m  OK  [0m] Started Trigger resolvconf update for networkd DNS.
[   22.107082] systemd[1]: Mounted Debug File System.
[[0;32m  OK  [0m] Mounted Debug File System.
[   22.310575] systemd[1]: Mounted POSIX Message Queue File System.
[[0;32m  OK  [0m] Mounted POSIX Message Queue File System.
[   22.312091] systemd[1]: Mounted Huge Pages File System.
[[0;32m  OK  [0m] Mounted Huge Pages File System.
[   22.313561] systemd[1]: Started Journal Service.
[[0;32m  OK  [0m] Started Journal Service.
[[0;32m  OK  [0m] Started Remount Root and Kernel File Systems.
[[0;32m  OK  [0m] Started Create list of required sta...ce nodes for the current kernel.
[[0;32m  OK  [0m] Started Uncomplicated firewall.
[[0;32m  OK  [0m] Started Load Kernel Modules.
[[0;32m  OK  [0m] Started Set console keymap.
[[0;32m  OK  [0m] Started Nameserver information manager.
[[0;32m  OK  [0m] Started LVM2 metadata daemon.
         Starting Apply Kernel Variables...
         Mounting FUSE Control File System...
         Starting Create Static Device Nodes in /dev...
         Starting udev Coldplug all Devices...
         Starting Initial cloud-init job (pre-networking)...
         Starting Load/Save Random Seed...
         Starting Flush Journal to Persistent Storage...
[[0;32m  OK  [0m] Mounted FUSE Control File System.
[[0;32m  OK  [0m] Started Apply Kernel Variables.
[[0;32m  OK  [0m] Started Create Static Device Nodes in /dev.
[[0;32m  OK  [0m] Started Load/Save Random Seed.
[[0;32m  OK  [0m] Started Flush Journal to Persistent Storage.
         Starting udev Kernel Device Manager...
[[0;32m  OK  [0m] Started udev Coldplug all Devices.
[[0;32m  OK  [0m] Started udev Kernel Device Manager.
[[0;32m  OK  [0m] Started Dispatch Password Requests to Console Directory Watch.
[[0;32m  OK  [0m] Found device /dev/ttyS0.
[[0;32m  OK  [0m] Started Monitoring of LVM2 mirrors,...ng dmeventd or progress polling.
[[0;32m  OK  [0m] Reached target Local File Systems (Pre).
[[0;32m  OK  [0m] Reached target Local File Systems.
         Starting Tell Plymouth To Write Out Runtime Data...
         Starting Commit a transient machine-id on disk...
         Starting Set console font and keymap...
         Starting Create Volatile Files and Directories...
         Starting LSB: AppArmor initialization...
[[0;32m  OK  [0m] Started Tell Plymouth To Write Out Runtime Data.
[[0;32m  OK  [0m] Started Create Volatile Files and Directories.
[[0;32m  OK  [0m] Started Commit a transient machine-id on disk.
         Starting Update UTMP about System Boot/Shutdown...
[[0;32m  OK  [0m] Reached target System Time Synchronized.
[[0;32m  OK  [0m] Started Update UTMP about System Boot/Shutdown.
[[0;32m  OK  [0m] Listening on Load/Save RF Kill Switch Status /dev/rfkill Watch.
[   17.825095] cloud-init[458]: Cloud-init v. 17.2 running 'init-local' at Mon, 09 Apr 2018 23:49:35 +0000. Up 17.45 seconds.
[[0;32m  OK  [0m] Started LSB: AppArmor initialization.
[[0;32m  OK  [0m] Started Initial cloud-init job (pre-networking).
[[0;32m  OK  [0m] Reached target Network (Pre).
         Starting Raise network interfaces...
[[0;32m  OK  [0m] Started Set console font and keymap.
[[0;32m  OK  [0m] Created slice system-getty.slice.
[[0;32m  OK  [0m] Started Raise network interfaces.
[[0;32m  OK  [0m] Reached target Network.
         Starting Initial cloud-init job (metadata service crawler)...
[   21.035933] cloud-init[950]: Cloud-init v. 17.2 running 'init' at Mon, 09 Apr 2018 23:49:38 +0000. Up 20.61 seconds.
[[0;32m  OK  [0m] Started Initial cloud-init job (metadata service crawler).
[[0;32m  OK  [0m] Reached target Cloud-config availability.
[   21.130898] cloud-init[950]: ci-info: ++++++++++++++++++++++++++++++++++++++Net device info++++++++++++++++++++++++++++++++++++++
[   21.215257] cloud-init[950]: ci-info: +--------+-------+----------------------------+---------------+-------+-------------------+
[   21.222945] cloud-init[950]: ci-info: | Device |   Up  |          Address           |      Mask     | Scope |     Hw-Address    |
[[0;32m  OK  [0m] Reached target System Initialization.
[   21.230067] cloud-init[950]: ci-info: +--------+-------+----------------------------+---------------+-------+-------------------+
         Starting LXD - unix socket.
[[0;32m  OK  [0m] Listening on UUID daemon activation socket.
[[0;32m  OK  [0m] Started Daily Cleanup of Temporary Directories.
[   21.232505] cloud-init[950]: ci-info: | enp0s3 |  True |         10.0.2.15          | 255.255.255.0 |   .   | 02:74:f2:80:ad:a4 |
[   21.251789] cloud-init[950]: ci-info: | enp0s3 |  True | fe80::74:f2ff:fe80:ada4/64 |       .       |  link | 02:74:f2:80:ad:a4 |
[   21.253042] cloud-init[950]: ci-info: | enp0s8 | False |             .              |       .       |   .   | 08:00:27:70:4d:74 |
[   21.254291] cloud-init[950]: ci-info: |   lo   |  True |         127.0.0.1          |   255.0.0.0   |   .   |         .         |
[[0;32m  OK  [0m] Listening on ACPID Listen Socket.
[   21.258050] cloud-init[950]: ci-info: |   lo   |  True |          ::1/128           |       .       |  host |         .         |
[[0;32m  OK  [0m] Started ACPI Events Check.
[[0;32m  OK  [0m] Reached target Paths.
[[0;32m  OK  [0m] Started Daily apt download activities.
[[0;32m  OK  [0m] Started Daily apt upgrade and clean activities.
[[0;32m  OK  [0m] Listening on D-Bus System Message Bus Socket.
[[0;32m  OK  [0m] Started Timer to automatically refresh installed snaps.
[[0;32m  OK  [0m] Reached target Timers.
         Starting Socket activation for snappy daemon.
[[0;32m  OK  [0m] Reached target Network is Online.
[   21.259867] cloud-init[950]: ci-info: +--------+-------+----------------------------+---------------+-------+-------------------+
[   21.264683] cloud-init[950]: ci-info: +++++++++++++++++++++++++++Route IPv4 info++++++++++++++++++++++++++++
[   21.265732] cloud-init[950]: ci-info: +-------+-------------+----------+---------------+-----------+-------+
[   21.325651] cloud-init[950]: ci-info: | Route | Destination | Gateway  |    Genmask    | Interface | Flags |
[   21.372067] cloud-init[950]: ci-info: +-------+-------------+----------+---------------+-----------+-------+
         Starting iSCSI initiator daemon (iscsid)...
[   21.436964] cloud-init[950]: ci-info: |   0   |   0.0.0.0   | 10.0.2.2 |    0.0.0.0    |   enp0s3  |   UG  |
[   21.458878] cloud-init[950]: ci-info: |   1   |   10.0.2.0  | 0.0.0.0  | 255.255.255.0 |   enp0s3  |   U   |
[   21.461191] cloud-init[950]: ci-info: +-------+-------------+----------+---------------+-----------+-------+
[   21.463488] cloud-init[950]: Generating public/private rsa key pair.
[   21.468322] cloud-init[950]: Your identification has been saved in /etc/ssh/ssh_host_rsa_key.
[   21.468443] cloud-init[950]: Your public key has been saved in /etc/ssh/ssh_host_rsa_key.pub.
[   21.468913] cloud-init[950]: The key fingerprint is:
[   21.469129] cloud-init[950]: SHA256:EpTmJ9491Qn6kYo0Lsc4/BlzRk4+01VkEyzVjLTnG38 root@ubuntu-xenial
[   21.469342] cloud-init[950]: The key's randomart image is:
[   21.469543] cloud-init[950]: +---[RSA 2048]----+
[   21.469751] cloud-init[950]: |      ..     .+B=|
[   21.469954] cloud-init[950]: |     .o     ...+=|
[   21.470162] cloud-init[950]: |     o.    . +oo.|
[   21.470684] cloud-init[950]: |      o.+ + + +o |
[   21.471005] cloud-init[950]: |     o.OSO = o ..|
[   21.471194] cloud-init[950]: |      *.O @ o   +|
[   21.471281] cloud-init[950]: |       = * +   .E|
[   21.471346] cloud-init[950]: |        o       .|
[   21.471411] cloud-init[950]: |                 |
[   21.471473] cloud-init[950]: +----[SHA256]-----+
[   21.471539] cloud-init[950]: Generating public/private dsa key pair.
[   21.471601] cloud-init[950]: Your identification has been saved in /etc/ssh/ssh_host_dsa_key.
[   21.471664] cloud-init[950]: Your public key has been saved in /etc/ssh/ssh_host_dsa_key.pub.
[   21.471730] cloud-init[950]: The key fingerprint is:
[   21.471793] cloud-init[950]: SHA256:0ENxI/mUa/z3nZ4adcG/YvRW6LkCj5WDZDIwDQ2EfjY root@ubuntu-xenial
[   21.471861] cloud-init[950]: The key's randomart image is:
[   21.471925] cloud-init[950]: +---[DSA 1024]----+
[   21.471988] cloud-init[950]: |     o+=+oo.     |
[   21.472058] cloud-init[950]: |    . oo+oo.  .  |
[   21.472120] cloud-init[950]: |   .  .oo+ .   o |
[   21.472184] cloud-init[950]: |    . E.o.B    .o|
[   21.472247] cloud-init[950]: |     o .S* o o..+|
[   21.472311] cloud-init[950]: |          o *.+.+|
[   21.472373] cloud-init[950]: |           = *o=o|
[   21.472437] cloud-init[950]: |          . + +o+|
[[0;32m  OK  [0m] Listening on LXD - unix socket.
[[0;32m  OK  [0m] Listening on Socket activation for snappy daemon.
[   21.472503] cloud-init[950]: |             o+o |
[   21.925182] cloud-init[950]: +----[SHA256]-----+
[   21.929145] cloud-init[950]: Generating public/private ecdsa key pair.
[   21.934478] cloud-init[950]: Your identification has been saved in /etc/ssh/ssh_host_ecdsa_key.
[   21.972294] cloud-init[950]: Your public key has been saved in /etc/ssh/ssh_host_ecdsa_key.pub.
[   21.974700] cloud-init[950]: The key fingerprint is:
[   21.975645] cloud-init[950]: SHA256:a0ZcA0s0z2wgorAndRKDwGOS8KUzJibyLqDpGFM32kw root@ubuntu-xenial
[[0;32m  OK  [0m] Started iSCSI initiator daemon (iscsid).
[   21.980112] cloud-init[950]: The key's randomart image is:
[   22.036219] cloud-init[950]: +---[ECDSA 256]---+
[   22.036418] cloud-init[950]: |Bo=.+ ..*        |
         Starting Login to default iSCSI targets...
[   22.036537] cloud-init[950]: |+O B . o O       |
[   22.038907] cloud-init[950]: |O.X     . B      |
[[0;32m  OK  [0m] Reached target Sockets.
[[   22.039008] cloud-init[950]: |+* o   . o .     |
[   22.056116] cloud-init[950]: |. o E   S        |
[0;32m  OK  [0m] Reached target Basic System.
[   22.056185] cloud-init[950]: |o+ * . . .       |
[   22.088236] cloud-init[950]: |* o o   +        |
[   22.088431] cloud-init[950]: |o+     o         |
         Starting /etc/rc.local Compatibility...
[[   22.088527] cloud-init[950]: |..               |
[   22.104603] cloud-init[950]: +----[SHA256]-----+
[   22.104666] cloud-init[950]: Generating public/private ed25519 key pair.
[   22.104756] cloud-init[950]: Your identification has been saved in /etc/ssh/ssh_host_ed25519_key.
[   22.104848] cloud-init[950]: Your public key has been saved in /etc/ssh/ssh_host_ed25519_key.pub.
[   22.104941] cloud-init[950]: The key fingerprint is:
[   22.105029] cloud-init[950]: SHA256:VnCHoukQxunv3gJETS7S8kc/JHzNs44kSFhgqBKPaVk root@ubuntu-xenial
[   22.105126] cloud-init[950]: The key's randomart image is:
[   22.105213] cloud-init[950]: +--[ED25519 256]--+
[   22.105303] cloud-init[950]: | .oo.+. . ...    |
[   22.105396] cloud-init[950]: |o. E*o. .=..     |
[   22.105486] cloud-init[950]: |.=*++.=oo.=      |
[   22.105578] cloud-init[950]: |=o.=++o= . o     |
[0;32m  OK  [0m] Started Unattended Upgrades Shutdown.
[   22.105670] cloud-init[950]: |o  .o+o S .      |
[   22.117541] cloud-init[950]: |    ..o+ +       |
[   22.118265] cloud-init[950]: |     o  . .      |
[   22.118976] cloud-init[950]: |      o.         |
[   22.119704] cloud-init[950]: |     ....        |
[   22.120423] cloud-init[950]: +----[SHA256]-----+
[[0;32m  OK  [0m] Started D-Bus System Message Bus.
         Starting Apply the settings specified in cloud-config...
         Starting System Logging Service...
         Starting LSB: MD monitoring daemon...
[[0;32m  OK  [0m] Started Regular background program processing daemon.
[[0;32m  OK  [0m] Started FUSE filesystem for LXC.
         Starting Accounts Service...
         Starting Snappy daemon...
[[0;32m  OK  [0m] Started Deferred execution scheduler.
         Starting LSB: Record successful boot for GRUB...
         Starting Login Service...
         Starting Pollinate to seed the pseudo random number generator...
[[0;32m  OK  [0m] Started ACPI event daemon.
         Starting LXD - container startup/shutdown...
[[0;32m  OK  [0m] Started System Logging Service.
[[0;32m  OK  [0m] Started Snappy daemon.
[[0;32m  OK  [0m] Started /etc/rc.local Compatibility.
[[0;32m  OK  [0m] Started LSB: MD monitoring daemon.
[[0;32m  OK  [0m] Started Login to default iSCSI targets.
[[0;32m  OK  [0m] Started LXD - container startup/shutdown.
[[0;32m  OK  [0m] Started LSB: Record successful boot for GRUB.
[   22.561423] cloud-init[1060]: Generating locales (this might take a while)...
         Starting Authenticate and Authorize Users to Run Privileged Tasks...
[[0;32m  OK  [0m] Reached target Remote File Systems (Pre).
[[0;32m  OK  [0m] Reached target Remote File Systems.
         Starting LSB: daemon to balance interrupts for SMP systems...
         Starting LSB: automatic crash report generation...
         Starting Permit User Sessions...
         Starting LSB: VirtualBox Linux Additions...
         Starting LSB: Set the CPU Frequency Scaling governor to "ondemand"...
[[0;32m  OK  [0m] Started Permit User Sessions.
[[0;32m  OK  [0m] Started Login Service.
[[0;32m  OK  [0m] Started Authenticate and Authorize Users to Run Privileged Tasks.
[[0;32m  OK  [0m] Started Accounts Service.
[[0;32m  OK  [0m] Started LSB: automatic crash report generation.
[[0;32m  OK  [0m] Started LSB: daemon to balance interrupts for SMP systems.
         Starting Terminate Plymouth Boot Screen...
         Starting Hold until boot process finishes up...
[[0;32m  OK  [0m] Started Terminate Plymouth Boot Screen.
[[0;32m  OK  [0m] Started Hold until boot process finishes up.
[[0;32m  OK  [0m] Started Getty on tty1.
         Starting Set console scheme...
[[0;32m  OK  [0m] Started Serial Getty on ttyS0.
[[0;32m  OK  [0m] Reached target Login Prompts.
[[0;32m  OK  [0m] Started LSB: VirtualBox Linux Additions.
[[0;32m  OK  [0m] Started LSB: Set the CPU Frequency Scaling governor to "ondemand".
[[0;32m  OK  [0m] Started Set console scheme.
[   23.222702] cloud-init[1060]:   en_US.UTF-8... done
[   23.224776] cloud-init[1060]: Generation complete.
[   23.511233] cloud-init[1060]: Cloud-init v. 17.2 running 'modules:config' at Mon, 09 Apr 2018 23:49:40 +0000. Up 22.41 seconds.
[[0;32m  OK  [0m] Started Apply the settings specified in cloud-config.
[[0;32m  OK  [0m] Started Pollinate to seed the pseudo random number generator.
         Starting OpenBSD Secure Shell server...
[[0;32m  OK  [0m] Started OpenBSD Secure Shell server.
[[0;32m  OK  [0m] Reached target Multi-User System.
[[0;32m  OK  [0m] Reached target Graphical Interface.
         Starting Update UTMP about System Runlevel Changes...
         Starting Execute cloud user/final scripts...
[[0;32m  OK  [0m] Started Update UTMP about System Runlevel Changes.
[[0;32m  OK  [0m] Created slice User Slice of vagrant.
         Starting User Manager for UID 1000...
[[0;32m  OK  [0m] Started Session 1 of user vagrant.
[[0;32m  OK  [0m] Started User Manager for UID 1000.
ci-info: no authorized ssh keys fingerprints found for user ubuntu.
<14>Apr  9 23:49:42 ec2: 
<14>Apr  9 23:49:42 ec2: #############################################################
<14>Apr  9 23:49:42 ec2: -----BEGIN SSH HOST KEY FINGERPRINTS-----
<14>Apr  9 23:49:42 ec2: 1024 SHA256:0ENxI/mUa/z3nZ4adcG/YvRW6LkCj5WDZDIwDQ2EfjY root@ubuntu-xenial (DSA)
<14>Apr  9 23:49:42 ec2: 256 SHA256:a0ZcA0s0z2wgorAndRKDwGOS8KUzJibyLqDpGFM32kw root@ubuntu-xenial (ECDSA)
<14>Apr  9 23:49:42 ec2: 256 SHA256:VnCHoukQxunv3gJETS7S8kc/JHzNs44kSFhgqBKPaVk root@ubuntu-xenial (ED25519)
<14>Apr  9 23:49:42 ec2: 2048 SHA256:EpTmJ9491Qn6kYo0Lsc4/BlzRk4+01VkEyzVjLTnG38 root@ubuntu-xenial (RSA)
<14>Apr  9 23:49:42 ec2: -----END SSH HOST KEY FINGERPRINTS-----
<14>Apr  9 23:49:42 ec2: #############################################################
-----BEGIN SSH HOST KEY KEYS-----
ecdsa-sha2-nistp256 AAAAE2VjZHNhLXNoYTItbmlzdHAyNTYAAAAIbmlzdHAyNTYAAABBBHrSPPy+Y0n56gE2AsUjCQNEJiAIsHjoM/u8/6OrA8dA19+RAjG1Jg9JPpYNLOXKRmV3J0qZrWOU6TEXY1e1wUA= root@ubuntu-xenial
ssh-ed25519 AAAAC3NzaC1lZDI1NTE5AAAAIFi1sM28mEAtCk0XBg+bCmIoJ570shaAJF2of8oQmkof root@ubuntu-xenial
ssh-rsa AAAAB3NzaC1yc2EAAAADAQABAAABAQDaI/hZ5r1hf1GKPY9QXLgBxdJFhT98wCOrEMhwI/qC0+PKf7OrWY5TExxe6fnVfE+Ou9tSG7PjgXKN0PDGwsmdGB7sDT0vWnYdiI/qv0g/3ZPv0s0CcQINqycc9Ks7P0J0Li44IGrFBt7+hZjanKbEaekcYZLkLI9lHEFO+A6d4tPn94G5D5xj63P1aFAnpP8mKauVHoRUwk2OZbOqIVcpQOOSFtPhkV6AcT20+50dwMpl30adhrMBmyrCNdaaPDf9L3S0T2HmiS0T0tOlWmnV0KBiWv2wRmIH8hlSlIiBHt0jySzX/vRaD/Tnkb6AjWq1oX7pziOoTn/XFeePyKsz root@ubuntu-xenial
-----END SSH HOST KEY KEYS-----
[   24.600286] cloud-init[1307]: Cloud-init v. 17.2 running 'modules:final' at Mon, 09 Apr 2018 23:49:42 +0000. Up 24.45 seconds.
[   24.703890] cloud-init[1307]: ci-info: no authorized ssh keys fingerprints found for user ubuntu.
[   24.704059] cloud-init[1307]: Cloud-init v. 17.2 finished a         Stopping Authenticate and Authorize Users to Run Privilegek[[0;32m  OK  [0m] Unmounted /var/lib/lxcfs.
[[0;32m  OK  [0m] Stopped ACPI event daemon.
[[0;32m  OK  [0m] Stopped Regular background program processing daemon.
[[0;32m  OK  [0m] Stopped Accounts Service.
[[0;32m  OK  [0m] Stopped System Logging Service.
[[0;32m  OK  [0m] Stopped Deferred execution scheduler.
[[0;32m  OK  [0m] Stopped Snappy daemon.
[[0;32m  OK  [0m] Stopped Authenticate and Authorize Users to Run Privileged Tasks.
[[0;32m  OK  [0m] Stopped Getty on tty1.
[[0;32m  OK  [0m] Stopped Serial Getty on ttyS0.
[[0;32m  OK  [0m] Stopped OpenBSD Secure Shell server.
[[0;32m  OK  [0m] Stopped User Manager for UID 1000.
[[0;32m  OK  [0m] Stopped Session 2 of user vagrant.
[[0;32m  OK  [0m] Stopped Daemon for generating UUIDs.
[[0;32m  OK  [0m] Stopped Session 27 of user vagrant.
[[0;32m  OK  [0m] Stopped Unattended Upgrades Shutdown.
[[0;32m  OK  [0m] Stopped D-Bus System Message Bus.
[[0;32m  OK  [0m] Stopped FUSE filesystem for LXC.
[[0;32m  OK  [0m] Stopped LXD - container startup/shutdown.
[[0;32m  OK  [0m] Stopped LSB: Record successful boot for GRUB.
[[0;32m  OK  [0m] Stopped LSB: Set the CPU Frequency Scaling governor to "ondemand".
[[0;32m  OK  [0m] Stopped LSB: MD monitoring daemon.
[[0;32m  OK  [0m] Stopped LSB: automatic crash report generation.
[[0;32m  OK  [0m] Stopped LSB: daemon to balance interrupts for SMP systems.
[[0;32m  OK  [0m] Stopped LSB: VirtualBox Linux Additions.
[[0;32m  OK  [0m] Removed slice User Slice of vagrant.
         Stopping Login Service...
[[0;32m  OK  [0m] Removed slice system-serial\x2dgetty.slice.
[[0;32m  OK  [0m] Stopped /etc/rc.local Compatibility.
         Stopping Permit User Sessions...
[[0;32m  OK  [0m] Removed slice system-getty.slice.
[[0;32m  OK  [0m] Stopped Login Service.
[[0;32m  OK  [0m] Stopped Permit User Sessions.
[[0;32m  OK  [0m] Stopped target Remote File Systems.
[[0;32m  OK  [0m] Stopped target Remote File Systems (Pre).
         Stopping Login to default iSCSI targets...
[[0;32m  OK  [0m] Stopped target Basic System.
[[0;32m  OK  [0m] Stopped target Slices.
[[0;32m  OK  [0m] Stopped target Paths.
[[0;32m  OK  [0m] Stopped Forward Password Requests to Wall Directory Watch.
[[0;32m  OK  [0m] Stopped ACPI Events Check.
[[0;32m  OK  [0m] Stopped Dispatch Password Requests to Console Directory Watch.
[[0;32m  OK  [0m] Stopped target Sockets.
[[0;32m  OK  [0m] Closed Syslog Socket.
[[0;32m  OK  [0m] Closed Socket activation for snappy daemon.
[[0;32m  OK  [0m] Closed ACPID Listen Socket.
[[0;32m  OK  [0m] Closed UUID daemon activation socket.
[[0;32m  OK  [0m] Closed LXD - unix socket.
[[0;32m  OK  [0m] Removed slice User and Session Slice.
[[0;32m  OK  [0m] Closed D-Bus System Message Bus Socket.
[[0;32m  OK  [0m] Stopped target System Initialization.
[[0;32m  OK  [0m] Stopped target Encrypted Volumes.
[[0;32m  OK  [0m] Stopped Commit a transient machine-id on disk.
[[0;32m  OK  [0m] Stopped target Swap.
         Stopping Update UTMP about System Boot/Shutdown...
         Stopping Load/Save Random Seed...
[[0;32m  OK  [0m] Stopped target User and Group Name Lookups.
[[0;32m  OK  [0m] Stopped Load/Save Random Seed.
[[0;32m  OK  [0m] Stopped Update UTMP about System Boot/Shutdown.
[[0;32m  OK  [0m] Stopped Create Volatile Files and Directories.
[[0;32m  OK  [0m] Stopped Login to default iSCSI targets.
         Stopping iSCSI initiator daemon (iscsid)...
[[0;32m  OK  [0m] Stopped iSCSI initiator daemon (iscsid).
[[0;32m  OK  [0m] Stopped target Network is Online.
[[0;32m  OK  [0m] Stopped target Network.
[[0;32m  OK  [0m] Stopped Initial cloud-init job (metadata service crawler).
         Stopping Raise network interfaces...
[[0;32m  OK  [0m] Stopped Raise network interfaces.
[[0;32m  OK  [0m] Stopped target Local File Systems.
         Unmounting /vagrant...
         Unmounting /run/user/1000...
[[0;32m  OK  [0m] Stopped Apply Kernel Variables.
[[0;32m  OK  [0m] Stopped target Network (Pre).
[[0;32m  OK  [0m] Stopped Initial cloud-init job (pre-networking).
[[0;32m  OK  [0m] Stopped Load Kernel Modules.
[[0;32m  OK  [0m] Unmounted /vagrant.
[[0;32m  OK  [0m] Unmounted /run/user/1000.
[[0;32m  OK  [0m] Reached target Unmount All Filesystems.
[[0;32m  OK  [0m] Stopped target Local File Systems (Pre).
[[0;32m  OK  [0m] Stopped Remount Root and Kernel File Systems.
         Stopping Monitoring of LVM2 mirrors... dmeventd or progress polling...
[[0;32m  OK  [0m] Stopped Create Static Device Nodes in /dev.
[[0;32m  OK  [0m] Reached target Shutdown.
[45964.027 roo: ow dn
t and Kernel File Systems.
[[0;32m  OK  [0m] Reached target Shutdown.
[44887.239339] reboot: Power down
